This is pdfTeX, Version 3.14159265-2.6-1.40.16 (TeX Live 2015/Debian) (preloaded format=pdflatex 2017.9.21)  18 DEC 2017 17:56
entering extended mode
 restricted \write18 enabled.
 %&-line parsing enabled.
**report.tex
(./report.tex
LaTeX2e <2016/02/01>
Babel <3.9q> and hyphenation patterns for 81 language(s) loaded.
(/usr/share/texlive/texmf-dist/tex/latex/base/article.cls
Document Class: article 2014/09/29 v1.4h Standard LaTeX document class
(/usr/share/texlive/texmf-dist/tex/latex/base/size11.clo
File: size11.clo 2014/09/29 v1.4h Standard LaTeX file (size option)
)
\c@part=\count79
\c@section=\count80
\c@subsection=\count81
\c@subsubsection=\count82
\c@paragraph=\count83
\c@subparagraph=\count84
\c@figure=\count85
\c@table=\count86
\abovecaptionskip=\skip41
\belowcaptionskip=\skip42
\bibindent=\dimen102
)
(/usr/share/texlive/texmf-dist/tex/latex/preprint/fullpage.sty
Package: fullpage 1999/02/23 1.1 (PWD)
\FP@margin=\skip43
)
(/usr/share/texlive/texmf-dist/tex/latex/hyperref/hyperref.sty
Package: hyperref 2012/11/06 v6.83m Hypertext links for LaTeX

(/usr/share/texlive/texmf-dist/tex/generic/oberdiek/hobsub-hyperref.sty
Package: hobsub-hyperref 2012/05/28 v1.13 Bundle oberdiek, subset hyperref (HO)


(/usr/share/texlive/texmf-dist/tex/generic/oberdiek/hobsub-generic.sty
Package: hobsub-generic 2012/05/28 v1.13 Bundle oberdiek, subset generic (HO)
Package: hobsub 2012/05/28 v1.13 Construct package bundles (HO)
Package: infwarerr 2010/04/08 v1.3 Providing info/warning/error messages (HO)
Package: ltxcmds 2011/11/09 v1.22 LaTeX kernel commands for general use (HO)
Package: ifluatex 2010/03/01 v1.3 Provides the ifluatex switch (HO)
Package ifluatex Info: LuaTeX not detected.
Package: ifvtex 2010/03/01 v1.5 Detect VTeX and its facilities (HO)
Package ifvtex Info: VTeX not detected.
Package: intcalc 2007/09/27 v1.1 Expandable calculations with integers (HO)
Package: ifpdf 2011/01/30 v2.3 Provides the ifpdf switch (HO)
Package ifpdf Info: pdfTeX in PDF mode is detected.
Package: etexcmds 2011/02/16 v1.5 Avoid name clashes with e-TeX commands (HO)
Package etexcmds Info: Could not find \expanded.
(etexcmds)             That can mean that you are not using pdfTeX 1.50 or
(etexcmds)             that some package has redefined \expanded.
(etexcmds)             In the latter case, load this package earlier.
Package: kvsetkeys 2012/04/25 v1.16 Key value parser (HO)
Package: kvdefinekeys 2011/04/07 v1.3 Define keys (HO)
Package: pdftexcmds 2011/11/29 v0.20 Utility functions of pdfTeX for LuaTeX (HO
)
Package pdftexcmds Info: LuaTeX not detected.
Package pdftexcmds Info: \pdf@primitive is available.
Package pdftexcmds Info: \pdf@ifprimitive is available.
Package pdftexcmds Info: \pdfdraftmode found.
Package: pdfescape 2011/11/25 v1.13 Implements pdfTeX's escape features (HO)
Package: bigintcalc 2012/04/08 v1.3 Expandable calculations on big integers (HO
)
Package: bitset 2011/01/30 v1.1 Handle bit-vector datatype (HO)
Package: uniquecounter 2011/01/30 v1.2 Provide unlimited unique counter (HO)
)
Package hobsub Info: Skipping package `hobsub' (already loaded).
Package: letltxmacro 2010/09/02 v1.4 Let assignment for LaTeX macros (HO)
Package: hopatch 2012/05/28 v1.2 Wrapper for package hooks (HO)
Package: xcolor-patch 2011/01/30 xcolor patch
Package: atveryend 2011/06/30 v1.8 Hooks at the very end of document (HO)
Package atveryend Info: \enddocument detected (standard20110627).
Package: atbegshi 2011/10/05 v1.16 At begin shipout hook (HO)
Package: refcount 2011/10/16 v3.4 Data extraction from label references (HO)
Package: hycolor 2011/01/30 v1.7 Color options for hyperref/bookmark (HO)
)
(/usr/share/texlive/texmf-dist/tex/latex/graphics/keyval.sty
Package: keyval 2014/10/28 v1.15 key=value parser (DPC)
\KV@toks@=\toks14
)
(/usr/share/texlive/texmf-dist/tex/generic/ifxetex/ifxetex.sty
Package: ifxetex 2010/09/12 v0.6 Provides ifxetex conditional
)
(/usr/share/texlive/texmf-dist/tex/latex/oberdiek/auxhook.sty
Package: auxhook 2011/03/04 v1.3 Hooks for auxiliary files (HO)
)
(/usr/share/texlive/texmf-dist/tex/latex/oberdiek/kvoptions.sty
Package: kvoptions 2011/06/30 v3.11 Key value format for package options (HO)
)
\@linkdim=\dimen103
\Hy@linkcounter=\count87
\Hy@pagecounter=\count88

(/usr/share/texlive/texmf-dist/tex/latex/hyperref/pd1enc.def
File: pd1enc.def 2012/11/06 v6.83m Hyperref: PDFDocEncoding definition (HO)
)
\Hy@SavedSpaceFactor=\count89

(/usr/share/texlive/texmf-dist/tex/latex/latexconfig/hyperref.cfg
File: hyperref.cfg 2002/06/06 v1.2 hyperref configuration of TeXLive
)
Package hyperref Info: Hyper figures OFF on input line 4443.
Package hyperref Info: Link nesting OFF on input line 4448.
Package hyperref Info: Hyper index ON on input line 4451.
Package hyperref Info: Plain pages OFF on input line 4458.
Package hyperref Info: Backreferencing OFF on input line 4463.
Package hyperref Info: Implicit mode ON; LaTeX internals redefined.
Package hyperref Info: Bookmarks ON on input line 4688.
\c@Hy@tempcnt=\count90

(/usr/share/texlive/texmf-dist/tex/latex/url/url.sty
\Urlmuskip=\muskip10
Package: url 2013/09/16  ver 3.4  Verb mode for urls, etc.
)
LaTeX Info: Redefining \url on input line 5041.
\XeTeXLinkMargin=\dimen104
\Fld@menulength=\count91
\Field@Width=\dimen105
\Fld@charsize=\dimen106
Package hyperref Info: Hyper figures OFF on input line 6295.
Package hyperref Info: Link nesting OFF on input line 6300.
Package hyperref Info: Hyper index ON on input line 6303.
Package hyperref Info: backreferencing OFF on input line 6310.
Package hyperref Info: Link coloring OFF on input line 6315.
Package hyperref Info: Link coloring with OCG OFF on input line 6320.
Package hyperref Info: PDF/A mode OFF on input line 6325.
LaTeX Info: Redefining \ref on input line 6365.
LaTeX Info: Redefining \pageref on input line 6369.
\Hy@abspage=\count92
\c@Item=\count93
\c@Hfootnote=\count94
)

Package hyperref Message: Driver (autodetected): hpdftex.

(/usr/share/texlive/texmf-dist/tex/latex/hyperref/hpdftex.def
File: hpdftex.def 2012/11/06 v6.83m Hyperref driver for pdfTeX
\Fld@listcount=\count95
\c@bookmark@seq@number=\count96

(/usr/share/texlive/texmf-dist/tex/latex/oberdiek/rerunfilecheck.sty
Package: rerunfilecheck 2011/04/15 v1.7 Rerun checks for auxiliary files (HO)
Package uniquecounter Info: New unique counter `rerunfilecheck' on input line 2
82.
)
\Hy@SectionHShift=\skip44
)
(/usr/share/texlive/texmf-dist/tex/latex/graphics/graphicx.sty
Package: graphicx 2014/10/28 v1.0g Enhanced LaTeX Graphics (DPC,SPQR)

(/usr/share/texlive/texmf-dist/tex/latex/graphics/graphics.sty
Package: graphics 2016/01/03 v1.0q Standard LaTeX Graphics (DPC,SPQR)

(/usr/share/texlive/texmf-dist/tex/latex/graphics/trig.sty
Package: trig 2016/01/03 v1.10 sin cos tan (DPC)
)
(/usr/share/texlive/texmf-dist/tex/latex/latexconfig/graphics.cfg
File: graphics.cfg 2010/04/23 v1.9 graphics configuration of TeX Live
)
Package graphics Info: Driver file: pdftex.def on input line 95.

(/usr/share/texlive/texmf-dist/tex/latex/pdftex-def/pdftex.def
File: pdftex.def 2011/05/27 v0.06d Graphics/color for pdfTeX
\Gread@gobject=\count97
))
\Gin@req@height=\dimen107
\Gin@req@width=\dimen108
)
(/usr/share/texlive/texmf-dist/tex/latex/float/float.sty
Package: float 2001/11/08 v1.3d Float enhancements (AL)
\c@float@type=\count98
\float@exts=\toks15
\float@box=\box26
\@float@everytoks=\toks16
\@floatcapt=\box27
)
(/usr/share/texlive/texmf-dist/tex/latex/xcolor/xcolor.sty
Package: xcolor 2007/01/21 v2.11 LaTeX color extensions (UK)

(/usr/share/texlive/texmf-dist/tex/latex/latexconfig/color.cfg
File: color.cfg 2007/01/18 v1.5 color configuration of teTeX/TeXLive
)
Package xcolor Info: Driver file: pdftex.def on input line 225.
Package xcolor Info: Model `cmy' substituted by `cmy0' on input line 1337.
Package xcolor Info: Model `hsb' substituted by `rgb' on input line 1341.
Package xcolor Info: Model `RGB' extended on input line 1353.
Package xcolor Info: Model `HTML' substituted by `rgb' on input line 1355.
Package xcolor Info: Model `Hsb' substituted by `hsb' on input line 1356.
Package xcolor Info: Model `tHsb' substituted by `hsb' on input line 1357.
Package xcolor Info: Model `HSB' substituted by `hsb' on input line 1358.
Package xcolor Info: Model `Gray' substituted by `gray' on input line 1359.
Package xcolor Info: Model `wave' substituted by `hsb' on input line 1360.
)
(/usr/share/texlive/texmf-dist/tex/latex/fancyhdr/fancyhdr.sty
\fancy@headwidth=\skip45
\f@ncyO@elh=\skip46
\f@ncyO@erh=\skip47
\f@ncyO@olh=\skip48
\f@ncyO@orh=\skip49
\f@ncyO@elf=\skip50
\f@ncyO@erf=\skip51
\f@ncyO@olf=\skip52
\f@ncyO@orf=\skip53
)
(/usr/share/texlive/texmf-dist/tex/latex/caption/caption.sty
Package: caption 2016/02/21 v3.3-144 Customizing captions (AR)

(/usr/share/texlive/texmf-dist/tex/latex/caption/caption3.sty
Package: caption3 2016/02/04 v1.7-139 caption3 kernel (AR)
Package caption3 Info: TeX engine: e-TeX on input line 67.
\captionmargin=\dimen109
\captionmargin@=\dimen110
\captionwidth=\dimen111
\caption@tempdima=\dimen112
\caption@indent=\dimen113
\caption@parindent=\dimen114
\caption@hangindent=\dimen115
)
\c@ContinuedFloat=\count99
Package caption Info: float package is loaded.
Package caption Info: hyperref package is loaded.
) (./report.aux

LaTeX Warning: Label `' multiply defined.


LaTeX Warning: Label `' multiply defined.


LaTeX Warning: Label `' multiply defined.


LaTeX Warning: Label `' multiply defined.


LaTeX Warning: Label `' multiply defined.


LaTeX Warning: Label `' multiply defined.


LaTeX Warning: Label `' multiply defined.


LaTeX Warning: Label `' multiply defined.


LaTeX Warning: Label `' multiply defined.


LaTeX Warning: Label `' multiply defined.


LaTeX Warning: Label `' multiply defined.


LaTeX Warning: Label `' multiply defined.


LaTeX Warning: Label `' multiply defined.


LaTeX Warning: Label `' multiply defined.


LaTeX Warning: Label `' multiply defined.


LaTeX Warning: Label `' multiply defined.


LaTeX Warning: Label `' multiply defined.


LaTeX Warning: Label `' multiply defined.


LaTeX Warning: Label `' multiply defined.


LaTeX Warning: Label `' multiply defined.


LaTeX Warning: Label `' multiply defined.

)
\openout1 = `report.aux'.

LaTeX Font Info:    Checking defaults for OML/cmm/m/it on input line 35.
LaTeX Font Info:    ... okay on input line 35.
LaTeX Font Info:    Checking defaults for T1/cmr/m/n on input line 35.
LaTeX Font Info:    ... okay on input line 35.
LaTeX Font Info:    Checking defaults for OT1/cmr/m/n on input line 35.
LaTeX Font Info:    ... okay on input line 35.
LaTeX Font Info:    Checking defaults for OMS/cmsy/m/n on input line 35.
LaTeX Font Info:    ... okay on input line 35.
LaTeX Font Info:    Checking defaults for OMX/cmex/m/n on input line 35.
LaTeX Font Info:    ... okay on input line 35.
LaTeX Font Info:    Checking defaults for U/cmr/m/n on input line 35.
LaTeX Font Info:    ... okay on input line 35.
LaTeX Font Info:    Checking defaults for PD1/pdf/m/n on input line 35.
LaTeX Font Info:    ... okay on input line 35.
\AtBeginShipoutBox=\box28
Package hyperref Info: Link coloring OFF on input line 35.
 (/usr/share/texlive/texmf-dist/tex/latex/hyperref/nameref.sty
Package: nameref 2012/10/27 v2.43 Cross-referencing by name of section

(/usr/share/texlive/texmf-dist/tex/generic/oberdiek/gettitlestring.sty
Package: gettitlestring 2010/12/03 v1.4 Cleanup title references (HO)
)
\c@section@level=\count100
)
LaTeX Info: Redefining \ref on input line 35.
LaTeX Info: Redefining \pageref on input line 35.
LaTeX Info: Redefining \nameref on input line 35.

(./report.out) (./report.out)
\@outlinefile=\write3
\openout3 = `report.out'.


(/usr/share/texlive/texmf-dist/tex/context/base/supp-pdf.mkii
[Loading MPS to PDF converter (version 2006.09.02).]
\scratchcounter=\count101
\scratchdimen=\dimen116
\scratchbox=\box29
\nofMPsegments=\count102
\nofMParguments=\count103
\everyMPshowfont=\toks17
\MPscratchCnt=\count104
\MPscratchDim=\dimen117
\MPnumerator=\count105
\makeMPintoPDFobject=\count106
\everyMPtoPDFconversion=\toks18
) (/usr/share/texlive/texmf-dist/tex/latex/oberdiek/epstopdf-base.sty
Package: epstopdf-base 2010/02/09 v2.5 Base part for package epstopdf

(/usr/share/texlive/texmf-dist/tex/latex/oberdiek/grfext.sty
Package: grfext 2010/08/19 v1.1 Manage graphics extensions (HO)
)
Package grfext Info: Graphics extension search list:
(grfext)             [.png,.pdf,.jpg,.mps,.jpeg,.jbig2,.jb2,.PNG,.PDF,.JPG,.JPE
G,.JBIG2,.JB2,.eps]
(grfext)             \AppendGraphicsExtensions on input line 452.

(/usr/share/texlive/texmf-dist/tex/latex/latexconfig/epstopdf-sys.cfg
File: epstopdf-sys.cfg 2010/07/13 v1.3 Configuration of (r)epstopdf for TeX Liv
e
))
Package caption Info: Begin \AtBeginDocument code.
Package caption Info: End \AtBeginDocument code.
LaTeX Font Info:    External font `cmex10' loaded for size
(Font)              <12> on input line 57.
LaTeX Font Info:    External font `cmex10' loaded for size
(Font)              <8> on input line 57.
LaTeX Font Info:    External font `cmex10' loaded for size
(Font)              <6> on input line 57.

[1

{/var/lib/texmf/fonts/map/pdftex/updmap/pdftex.map}]
LaTeX Font Info:    Try loading font information for OMS+cmr on input line 85.

(/usr/share/texlive/texmf-dist/tex/latex/base/omscmr.fd
File: omscmr.fd 2014/09/29 v2.5h Standard LaTeX font definitions
)
LaTeX Font Info:    Font shape `OMS/cmr/m/n' in size <10.95> not available
(Font)              Font shape `OMS/cmsy/m/n' tried instead on input line 85.
Missing character: There is no â in font cmr10!
Missing character: There is no € in font cmr10!
Missing character: There is no ™ in font cmr10!
 [2]
<images/1_MW_simple.png, id=394, 773.89125pt x 277.035pt>
File: images/1_MW_simple.png Graphic file (type png)

<use images/1_MW_simple.png>
Package pdftex.def Info: images/1_MW_simple.png used on input line 100.
(pdftex.def)             Requested size: 406.28719pt x 145.44131pt.
 [3 <./images/1_MW_simple.png>]
Missing character: There is no â in font cmr10!
Missing character: There is no € in font cmr10!
Missing character: There is no ™ in font cmr10!
Missing character: There is no â in font cmr10!
Missing character: There is no € in font cmr10!
Missing character: There is no ™ in font cmr10!
 [4]
<images/1_life-of-a-request.png, id=411, 845.40843pt x 597.73312pt>
File: images/1_life-of-a-request.png Graphic file (type png)

<use images/1_life-of-a-request.png>
Package pdftex.def Info: images/1_life-of-a-request.png used on input line 164.

(pdftex.def)             Requested size: 422.70317pt x 298.86583pt.
 [5 <./images/1_life-of-a-request.png>]
LaTeX Font Info:    Try loading font information for OMS+cmtt on input line 171
.

(/usr/share/texmf/tex/latex/R/tex/latex/omscmtt.fd
File: omscmtt.fd 
)
LaTeX Font Info:    Font shape `OMS/cmtt/m/n' in size <10.95> not available
(Font)              Font shape `OMS/cmsy/m/n' tried instead on input line 171.
 [6]
Overfull \hbox (27.7639pt too wide) in paragraph at lines 201--202
[]\OT1/cmr/m/n/10.95 Once we have the shards, we send one shard per mem-cached 
server and log the \OT1/cmtt/m/n/10.95 timeStartSendToMC
 []


Overfull \hbox (16.2286pt too wide) in paragraph at lines 203--204
\OT1/cmr/m/n/10.95 have got the com-plete re-sponse) and store them in an ar-ra
y list. We also log \OT1/cmtt/m/n/10.95 timeStartRecvdFromMC
 []


Overfull \hbox (15.9521pt too wide) in paragraph at lines 209--210
[]\OT1/cmr/m/n/10.95 This is then sent back to the client as the re-sponse to i
ts re-quest. We log the \OT1/cmtt/m/n/10.95 timeStartSentBack
 []

[7]
Underfull \hbox (badness 10000) in paragraph at lines 234--235

 []

Missing character: There is no â in font cmr10!
Missing character: There is no € in font cmr10!
Missing character: There is no ™ in font cmr10!
<images/1_worker_logic_flow.png, id=430, 597.73312pt x 845.40843pt>
File: images/1_worker_logic_flow.png Graphic file (type png)

<use images/1_worker_logic_flow.png>
Package pdftex.def Info: images/1_worker_logic_flow.png used on input line 262.

(pdftex.def)             Requested size: 537.95483pt x 760.86055pt.

Overfull \hbox (84.98694pt too wide) in paragraph at lines 262--263
 [][] 
 []

[8]
Overfull \vbox (113.95367pt too high) has occurred while \output is active []


[9 <./images/1_worker_logic_flow.png>]
Overfull \hbox (9.28601pt too wide) in paragraph at lines 271--273
[]\OT1/cmtt/m/n/10.95 mc-<num[]memcached[]servers>[]workers-<num[]worker[]threa
ds>[]shard-<sharding[]flag>[] \OT1/cmr/m/n/10.95 If
 []

Missing character: There is no â in font cmr10!
Missing character: There is no € in font cmr10!
Missing character: There is no ™ in font cmr10!
Missing character: There is no â in font cmr10!
Missing character: There is no € in font cmr10!
Missing character: There is no ™ in font cmr10!
Missing character: There is no â in font cmr10!
Missing character: There is no € in font cmr10!
Missing character: There is no ™ in font cmr10!
LaTeX Font Info:    External font `cmex10' loaded for size
(Font)              <10.95> on input line 291.
[10]
LaTeX Font Info:    External font `cmex10' loaded for size
(Font)              <5> on input line 319.
 <images/2a_one_mc_tps.png, id=448, 462.528pt x 346.896pt>
File: images/2a_one_mc_tps.png Graphic file (type png)

<use images/2a_one_mc_tps.png>
Package pdftex.def Info: images/2a_one_mc_tps.png used on input line 343.
(pdftex.def)             Requested size: 242.82376pt x 182.11783pt.

Overfull \hbox (16.33981pt too wide) in paragraph at lines 343--344
 [][] 
 []

<images/2a_one_mc_rt.png, id=449, 462.528pt x 346.896pt>
File: images/2a_one_mc_rt.png Graphic file (type png)

<use images/2a_one_mc_rt.png>
Package pdftex.def Info: images/2a_one_mc_rt.png used on input line 349.
(pdftex.def)             Requested size: 242.82376pt x 182.11783pt.

Overfull \hbox (16.33981pt too wide) in paragraph at lines 349--350
 [][] 
 []

[11 <./images/2a_one_mc_tps.png> <./images/2a_one_mc_rt.png>]
<images/2a_interactive_law.png, id=458, 462.528pt x 346.896pt>
File: images/2a_interactive_law.png Graphic file (type png)

<use images/2a_interactive_law.png>
Package pdftex.def Info: images/2a_interactive_law.png used on input line 371.
(pdftex.def)             Requested size: 323.76738pt x 242.82553pt.

Overfull \hbox (6.20859pt too wide) in paragraph at lines 395--403
\OT1/cmtt/m/n/8 memtier[]benchmark -s <MC[]IP[]2> -p 6969 -P memcache[]text -t 
1 -c <NUM[]VC[]PER[]THREAD> --ratio 1:0 --test-time 80
 []


Overfull \hbox (6.20859pt too wide) in paragraph at lines 395--403
\OT1/cmtt/m/n/8 memtier[]benchmark -s <MC[]IP[]2> -p 6969 -P memcache[]text -t 
1 -c <NUM[]VC[]PER[]THREAD> --ratio 0:1 --test-time 80
 []

[12 <./images/2a_interactive_law.png>]
<images/2b_two_mc_tps.png, id=466, 462.528pt x 346.896pt>
File: images/2b_two_mc_tps.png Graphic file (type png)

<use images/2b_two_mc_tps.png>
Package pdftex.def Info: images/2b_two_mc_tps.png used on input line 431.
(pdftex.def)             Requested size: 242.82376pt x 182.11783pt.

Overfull \hbox (16.33981pt too wide) in paragraph at lines 431--432
 [][] 
 []

<images/2b_two_mc_rt.png, id=467, 462.528pt x 346.896pt>
File: images/2b_two_mc_rt.png Graphic file (type png)

<use images/2b_two_mc_rt.png>
Package pdftex.def Info: images/2b_two_mc_rt.png used on input line 437.
(pdftex.def)             Requested size: 242.82376pt x 182.11783pt.

Overfull \hbox (16.33981pt too wide) in paragraph at lines 437--438
 [][] 
 []

[13 <./images/2b_two_mc_tps.png> <./images/2b_two_mc_rt.png>]
Overfull \hbox (4.79265pt too wide) in paragraph at lines 456--457
\OT1/cmtt/m/n/10.95 2a[]one[]server[]base[]line[]log/ping*\OT1/cmr/m/n/10.95 ) 
and \OT1/cmtt/m/n/10.95 logs/2b[]two[]server[]base[]line[]log/ping*\OT1/cmr/m/n
/10.95 ), we see
 []


Underfull \hbox (badness 10000) in paragraph at lines 466--466
[]\OT1/cmr/m/n/10.95 Read-only
 []


Underfull \hbox (badness 10000) in paragraph at lines 466--466
[]\OT1/cmr/m/n/10.95 Write-only
 []


Underfull \hbox (badness 10000) in paragraph at lines 466--467
[]\OT1/cmr/m/n/10.95 Configuration gives
 []

[14] <images/3a_one-mw_r-o_tps.png, id=481, 462.528pt x 346.896pt>
File: images/3a_one-mw_r-o_tps.png Graphic file (type png)

<use images/3a_one-mw_r-o_tps.png>
Package pdftex.def Info: images/3a_one-mw_r-o_tps.png used on input line 534.
(pdftex.def)             Requested size: 242.82376pt x 182.11783pt.

Overfull \hbox (16.33981pt too wide) in paragraph at lines 534--535
 [][] 
 []

<images/3a_one-mw_r-o_rt.png, id=482, 462.528pt x 346.896pt>
File: images/3a_one-mw_r-o_rt.png Graphic file (type png)

<use images/3a_one-mw_r-o_rt.png>
Package pdftex.def Info: images/3a_one-mw_r-o_rt.png used on input line 539.
(pdftex.def)             Requested size: 242.82376pt x 182.11783pt.

Overfull \hbox (16.33981pt too wide) in paragraph at lines 539--540
 [][] 
 []

[15] <images/3a_one-mw_w-o_tps.png, id=487, 462.528pt x 346.896pt>
File: images/3a_one-mw_w-o_tps.png Graphic file (type png)

<use images/3a_one-mw_w-o_tps.png>
Package pdftex.def Info: images/3a_one-mw_w-o_tps.png used on input line 549.
(pdftex.def)             Requested size: 242.82376pt x 182.11783pt.

Overfull \hbox (16.33981pt too wide) in paragraph at lines 549--550
 [][] 
 []

<images/3a_one-mw_w-o_rt.png, id=488, 462.528pt x 346.896pt>
File: images/3a_one-mw_w-o_rt.png Graphic file (type png)

<use images/3a_one-mw_w-o_rt.png>
Package pdftex.def Info: images/3a_one-mw_w-o_rt.png used on input line 554.
(pdftex.def)             Requested size: 242.82376pt x 182.11783pt.

Overfull \hbox (16.33981pt too wide) in paragraph at lines 554--555
 [][] 
 []

<images/3a_one-mw_r-o_wt.png, id=489, 462.528pt x 346.896pt>
File: images/3a_one-mw_r-o_wt.png Graphic file (type png)

<use images/3a_one-mw_r-o_wt.png>
Package pdftex.def Info: images/3a_one-mw_r-o_wt.png used on input line 573.
(pdftex.def)             Requested size: 242.82376pt x 182.11783pt.

Overfull \hbox (16.33981pt too wide) in paragraph at lines 573--574
 [][] 
 []

<images/3a_one-mw_w-o_wt.png, id=490, 462.528pt x 346.896pt>
File: images/3a_one-mw_w-o_wt.png Graphic file (type png)

<use images/3a_one-mw_w-o_wt.png>
Package pdftex.def Info: images/3a_one-mw_w-o_wt.png used on input line 578.
(pdftex.def)             Requested size: 242.82376pt x 182.11783pt.

Overfull \hbox (16.33981pt too wide) in paragraph at lines 578--579
 [][] 
 []

[16 <./images/3a_one-mw_r-o_tps.png> <./images/3a_one-mw_r-o_rt.png> <./images/
3a_one-mw_w-o_tps.png> <./images/3a_one-mw_w-o_rt.png>]
Overfull \hbox (29.83896pt too wide) in paragraph at lines 595--608
\OT1/cmtt/m/n/8 java -jar /home/sgokula/middleware-sgokula.jar -l <MW[]IP[]1> -
p 6969 -t <NUM[]WORKER[]THREAD> -s false -m <MC[]IP>:6969 
 []


Overfull \hbox (29.83896pt too wide) in paragraph at lines 595--608
\OT1/cmtt/m/n/8 java -jar /home/sgokula/middleware-sgokula.jar -l <MW[]IP[]2> -
p 6969 -t <NUM[]WORKER[]THREAD> -s false -m <MC[]IP>:6969 
 []


Underfull \hbox (badness 10000) in paragraph at lines 595--608

 []


Underfull \hbox (badness 10000) in paragraph at lines 595--608

 []

[17 <./images/3a_one-mw_r-o_wt.png> <./images/3a_one-mw_w-o_wt.png>]
<images/3b_two-mw_r-o_tps.png, id=508, 462.528pt x 346.896pt>
File: images/3b_two-mw_r-o_tps.png Graphic file (type png)

<use images/3b_two-mw_r-o_tps.png>
Package pdftex.def Info: images/3b_two-mw_r-o_tps.png used on input line 639.
(pdftex.def)             Requested size: 242.82376pt x 182.11783pt.

Overfull \hbox (16.33981pt too wide) in paragraph at lines 639--640
 [][] 
 []

<images/3b_two-mw_r-o_rt.png, id=509, 462.528pt x 346.896pt>
File: images/3b_two-mw_r-o_rt.png Graphic file (type png)

<use images/3b_two-mw_r-o_rt.png>
Package pdftex.def Info: images/3b_two-mw_r-o_rt.png used on input line 644.
(pdftex.def)             Requested size: 242.82376pt x 182.11783pt.

Overfull \hbox (16.33981pt too wide) in paragraph at lines 644--645
 [][] 
 []

<images/3b_two-mw_w-o_tps.png, id=510, 462.528pt x 346.896pt>
File: images/3b_two-mw_w-o_tps.png Graphic file (type png)

<use images/3b_two-mw_w-o_tps.png>
Package pdftex.def Info: images/3b_two-mw_w-o_tps.png used on input line 654.
(pdftex.def)             Requested size: 242.82376pt x 182.11783pt.

Overfull \hbox (16.33981pt too wide) in paragraph at lines 654--655
 [][] 
 []

<images/3b_two-mw_w-o_rt.png, id=511, 462.528pt x 346.896pt>
File: images/3b_two-mw_w-o_rt.png Graphic file (type png)

<use images/3b_two-mw_w-o_rt.png>
Package pdftex.def Info: images/3b_two-mw_w-o_rt.png used on input line 659.
(pdftex.def)             Requested size: 242.82376pt x 182.11783pt.

Overfull \hbox (16.33981pt too wide) in paragraph at lines 659--660
 [][] 
 []

[18 <./images/3b_two-mw_r-o_tps.png> <./images/3b_two-mw_r-o_rt.png>]
<images/3b_two-mw_r-o_wt.png, id=519, 462.528pt x 346.896pt>
File: images/3b_two-mw_r-o_wt.png Graphic file (type png)

<use images/3b_two-mw_r-o_wt.png>
Package pdftex.def Info: images/3b_two-mw_r-o_wt.png used on input line 676.
(pdftex.def)             Requested size: 242.82376pt x 182.11783pt.

Overfull \hbox (16.33981pt too wide) in paragraph at lines 676--677
 [][] 
 []

<images/3b_two-mw_w-o_wt.png, id=520, 462.528pt x 346.896pt>
File: images/3b_two-mw_w-o_wt.png Graphic file (type png)

<use images/3b_two-mw_w-o_wt.png>
Package pdftex.def Info: images/3b_two-mw_w-o_wt.png used on input line 681.
(pdftex.def)             Requested size: 242.82376pt x 182.11783pt.

Overfull \hbox (16.33981pt too wide) in paragraph at lines 681--682
 [][] 
 []

[19 <./images/3b_two-mw_w-o_tps.png> <./images/3b_two-mw_w-o_rt.png> <./images/
3b_two-mw_r-o_wt.png> <./images/3b_two-mw_w-o_wt.png>]
Overfull \hbox (0.91667pt too wide) in paragraph at lines 697--697
[]\OT1/cmr/m/n/10.95 Throughput| 
 []


Underfull \hbox (badness 10000) in paragraph at lines 697--697
[]\OT1/cmr/m/n/10.95 Response
 []


Underfull \hbox (badness 10000) in paragraph at lines 697--697
[]\OT1/cmr/m/n/10.95 Average
 []


Underfull \hbox (badness 10000) in paragraph at lines 697--697
\OT1/cmr/m/n/10.95 time in
 []


Overfull \hbox (2.4679pt too wide) in paragraph at lines 697--697
\OT1/cmr/m/n/10.95 queue(msec)| 
 []


Overfull \hbox (0.91667pt too wide) in paragraph at lines 709--709
[]\OT1/cmr/m/n/10.95 Throughput| 
 []


Underfull \hbox (badness 10000) in paragraph at lines 709--709
[]\OT1/cmr/m/n/10.95 Response
 []


Underfull \hbox (badness 10000) in paragraph at lines 709--709
[]\OT1/cmr/m/n/10.95 Average
 []


Underfull \hbox (badness 10000) in paragraph at lines 709--709
\OT1/cmr/m/n/10.95 time in
 []


Overfull \hbox (2.4679pt too wide) in paragraph at lines 709--709
\OT1/cmr/m/n/10.95 queue(msec)| 
 []

[20] <images/4_set_tps_tps.png, id=537, 462.528pt x 346.896pt>
File: images/4_set_tps_tps.png Graphic file (type png)

<use images/4_set_tps_tps.png>
Package pdftex.def Info: images/4_set_tps_tps.png used on input line 773.
(pdftex.def)             Requested size: 231.26343pt x 173.44757pt.

Overfull \hbox (4.77948pt too wide) in paragraph at lines 773--774
 [][] 
 []

<images/4_set_tps_rt.png, id=538, 462.528pt x 346.896pt>
File: images/4_set_tps_rt.png Graphic file (type png)

<use images/4_set_tps_rt.png>
Package pdftex.def Info: images/4_set_tps_rt.png used on input line 778.
(pdftex.def)             Requested size: 231.26343pt x 173.44757pt.

Overfull \hbox (4.77948pt too wide) in paragraph at lines 778--779
 [][] 
 []

[21 <./images/4_set_tps_tps.png> <./images/4_set_tps_rt.png>]
<images/4_set_tps_q_wt.png, id=546, 462.528pt x 346.896pt>
File: images/4_set_tps_q_wt.png Graphic file (type png)

<use images/4_set_tps_q_wt.png>
Package pdftex.def Info: images/4_set_tps_q_wt.png used on input line 797.
(pdftex.def)             Requested size: 231.26343pt x 173.44757pt.

Overfull \hbox (4.77948pt too wide) in paragraph at lines 797--798
 [][] 
 []

<images/4_set_tps_q_len.png, id=547, 462.528pt x 346.896pt>
File: images/4_set_tps_q_len.png Graphic file (type png)

<use images/4_set_tps_q_len.png>
Package pdftex.def Info: images/4_set_tps_q_len.png used on input line 802.
(pdftex.def)             Requested size: 231.26343pt x 173.44757pt.

Overfull \hbox (4.77948pt too wide) in paragraph at lines 802--803
 [][] 
 []


Overfull \hbox (4.74847pt too wide) in paragraph at lines 816--829
 [] 
 []

[22 <./images/4_set_tps_q_wt.png> <./images/4_set_tps_q_len.png>]
Overfull \hbox (60.26935pt too wide) in paragraph at lines 854--865
\OT1/cmtt/m/n/8 memtier[]benchmark -s <MC[]IP[]1> -p 6969 -P memcache[]text -t 
1 -c 2 --ratio 1:<MULTI[]GET[]KEY> --multi-key-get=<MULTI[]GET[]KEY>
 []


Overfull \hbox (60.26935pt too wide) in paragraph at lines 854--865
\OT1/cmtt/m/n/8 memtier[]benchmark -s <MC[]IP[]2> -p 6969 -P memcache[]text -t 
1 -c 2 --ratio 1:<MULTI[]GET[]KEY> --multi-key-get=<MULTI[]GET[]KEY>
 []


Overfull \hbox (2.31155pt too wide) in paragraph at lines 854--865
\OT1/cmr/m/n/10.95 Here, \OT1/cmtt/m/n/10.95 <MC[]IP[]1> \OT1/cmr/m/n/10.95 and
 \OT1/cmtt/m/n/10.95 <MC[]IP[]2> \OT1/cmr/m/n/10.95 re-fer to the pri-vate IPs 
of the two mid-dle-wares. \OT1/cmtt/m/n/10.95 <MULTI[]GET[]KEY>
 []


Overfull \hbox (21.682pt too wide) in paragraph at lines 854--865
\OT1/cmr/m/n/10.95 refers to the num-ber of keys in a multi-GET re-quest. This 
could be 1, 3, 6 or 9. \OT1/cmtt/m/n/10.95 <NUM[]WORKER[]THREAD>
 []

[23] <images/5_shard_True_avg_r_times_mt.png, id=559, 462.528pt x 346.896pt>
File: images/5_shard_True_avg_r_times_mt.png Graphic file (type png)

<use images/5_shard_True_avg_r_times_mt.png>
Package pdftex.def Info: images/5_shard_True_avg_r_times_mt.png used on input l
ine 891.
(pdftex.def)             Requested size: 231.26343pt x 173.44757pt.

<images/5_shard_True_percentiles_group_by_keys_mt.png, id=560, 462.528pt x 346.
896pt>
File: images/5_shard_True_percentiles_group_by_keys_mt.png Graphic file (type p
ng)
 <use images/5_shard_True_percentiles_group_by_keys_mt.png>
Package pdftex.def Info: images/5_shard_True_percentiles_group_by_keys_mt.png u
sed on input line 900.
(pdftex.def)             Requested size: 231.26343pt x 173.44757pt.

Overfull \hbox (4.77948pt too wide) in paragraph at lines 900--901
 [][] 
 []


<images/5_shard_True_percentiles_group_by_percentile_mt.png, id=561, 462.528pt 
x 346.896pt>
File: images/5_shard_True_percentiles_group_by_percentile_mt.png Graphic file (
type png)
 <use images/5_shard_True_percentiles_group_by_percentile_mt.png>
Package pdftex.def Info: images/5_shard_True_percentiles_group_by_percentile_mt
.png used on input line 905.
(pdftex.def)             Requested size: 231.26343pt x 173.44757pt.

Overfull \hbox (4.77948pt too wide) in paragraph at lines 905--906
 [][] 
 []

[24 <./images/5_shard_True_avg_r_times_mt.png> <./images/5_shard_True_percentil
es_group_by_keys_mt.png> <./images/5_shard_True_percentiles_group_by_percentile
_mt.png>]
Overfull \hbox (60.26935pt too wide) in paragraph at lines 931--940
\OT1/cmtt/m/n/8 memtier[]benchmark -s <MC[]IP[]1> -p 6969 -P memcache[]text -t 
1 -c 2 --ratio 1:<MULTI[]GET[]KEY> --multi-key-get=<MULTI[]GET[]KEY>
 []


Overfull \hbox (60.26935pt too wide) in paragraph at lines 931--940
\OT1/cmtt/m/n/8 memtier[]benchmark -s <MC[]IP[]2> -p 6969 -P memcache[]text -t 
1 -c 2 --ratio 1:<MULTI[]GET[]KEY> --multi-key-get=<MULTI[]GET[]KEY>
 []


Overfull \hbox (2.31155pt too wide) in paragraph at lines 931--940
\OT1/cmr/m/n/10.95 Here, \OT1/cmtt/m/n/10.95 <MC[]IP[]1> \OT1/cmr/m/n/10.95 and
 \OT1/cmtt/m/n/10.95 <MC[]IP[]2> \OT1/cmr/m/n/10.95 re-fer to the pri-vate IPs 
of the two mid-dle-wares. \OT1/cmtt/m/n/10.95 <MULTI[]GET[]KEY>
 []


Overfull \hbox (21.682pt too wide) in paragraph at lines 931--940
\OT1/cmr/m/n/10.95 refers to the num-ber of keys in a multi-GET re-quest. This 
could be 1, 3, 6 or 9. \OT1/cmtt/m/n/10.95 <NUM[]WORKER[]THREAD>
 []

[25] <images/5_shard_False_avg_r_times_mt.png, id=576, 462.528pt x 346.896pt>
File: images/5_shard_False_avg_r_times_mt.png Graphic file (type png)

<use images/5_shard_False_avg_r_times_mt.png>
Package pdftex.def Info: images/5_shard_False_avg_r_times_mt.png used on input 
line 966.
(pdftex.def)             Requested size: 231.26343pt x 173.44757pt.

<images/5_shard_False_percentiles_group_by_keys_mt.png, id=577, 462.528pt x 346
.896pt>
File: images/5_shard_False_percentiles_group_by_keys_mt.png Graphic file (type 
png)
 <use images/5_shard_False_percentiles_group_by_keys_mt.png>
Package pdftex.def Info: images/5_shard_False_percentiles_group_by_keys_mt.png 
used on input line 975.
(pdftex.def)             Requested size: 231.26343pt x 173.44757pt.

Overfull \hbox (4.77948pt too wide) in paragraph at lines 975--976
 [][] 
 []


<images/5_shard_False_percentiles_group_by_percentile_mt.png, id=578, 462.528pt
 x 346.896pt>
File: images/5_shard_False_percentiles_group_by_percentile_mt.png Graphic file 
(type png)

<use images/5_shard_False_percentiles_group_by_percentile_mt.png>
Package pdftex.def Info: images/5_shard_False_percentiles_group_by_percentile_m
t.png used on input line 980.
(pdftex.def)             Requested size: 231.26343pt x 173.44757pt.

Overfull \hbox (4.77948pt too wide) in paragraph at lines 980--981
 [][] 
 []

[26 <./images/5_shard_False_avg_r_times_mt.png> <./images/5_shard_False_percent
iles_group_by_keys_mt.png> <./images/5_shard_False_percentiles_group_by_percent
ile_mt.png>] <images/5_mw_hist_shard_True.png, id=588, 462.528pt x 346.896pt>
File: images/5_mw_hist_shard_True.png Graphic file (type png)

<use images/5_mw_hist_shard_True.png>
Package pdftex.def Info: images/5_mw_hist_shard_True.png used on input line 100
7.
(pdftex.def)             Requested size: 242.82376pt x 182.11783pt.

Overfull \hbox (16.33981pt too wide) in paragraph at lines 1007--1008
 [][] 
 []

<images/5_mt_hist_shard_True.png, id=589, 462.528pt x 346.896pt>
File: images/5_mt_hist_shard_True.png Graphic file (type png)

<use images/5_mt_hist_shard_True.png>
Package pdftex.def Info: images/5_mt_hist_shard_True.png used on input line 101
2.
(pdftex.def)             Requested size: 242.82376pt x 182.11783pt.

Overfull \hbox (16.33981pt too wide) in paragraph at lines 1012--1013
 [][] 
 []

<images/5_mw_log_hist_shard_True.png, id=590, 462.528pt x 346.896pt>
File: images/5_mw_log_hist_shard_True.png Graphic file (type png)

<use images/5_mw_log_hist_shard_True.png>
Package pdftex.def Info: images/5_mw_log_hist_shard_True.png used on input line
 1023.
(pdftex.def)             Requested size: 242.82376pt x 182.11783pt.

Overfull \hbox (16.33981pt too wide) in paragraph at lines 1023--1024
 [][] 
 []

<images/5_mw_hist_no-outlier_shard_True.png, id=591, 462.528pt x 346.896pt>
File: images/5_mw_hist_no-outlier_shard_True.png Graphic file (type png)

<use images/5_mw_hist_no-outlier_shard_True.png>
Package pdftex.def Info: images/5_mw_hist_no-outlier_shard_True.png used on inp
ut line 1028.
(pdftex.def)             Requested size: 242.82376pt x 182.11783pt.

Overfull \hbox (16.33981pt too wide) in paragraph at lines 1028--1029
 [][] 
 []

<images/5_mw_hist_shard_False.png, id=592, 462.528pt x 346.896pt>
File: images/5_mw_hist_shard_False.png Graphic file (type png)

<use images/5_mw_hist_shard_False.png>
Package pdftex.def Info: images/5_mw_hist_shard_False.png used on input line 10
39.
(pdftex.def)             Requested size: 242.82376pt x 182.11783pt.

Overfull \hbox (16.33981pt too wide) in paragraph at lines 1039--1040
 [][] 
 []

<images/5_mt_hist_shard_False.png, id=593, 462.528pt x 346.896pt>
File: images/5_mt_hist_shard_False.png Graphic file (type png)

<use images/5_mt_hist_shard_False.png>
Package pdftex.def Info: images/5_mt_hist_shard_False.png used on input line 10
44.
(pdftex.def)             Requested size: 242.82376pt x 182.11783pt.

Overfull \hbox (16.33981pt too wide) in paragraph at lines 1044--1045
 [][] 
 []

[27 <./images/5_mw_hist_shard_True.png> <./images/5_mt_hist_shard_True.png> <./
images/5_mw_log_hist_shard_True.png> <./images/5_mw_hist_no-outlier_shard_True.
png>] <images/5_mw_log_hist_shard_False.png, id=604, 462.528pt x 346.896pt>
File: images/5_mw_log_hist_shard_False.png Graphic file (type png)

<use images/5_mw_log_hist_shard_False.png>
Package pdftex.def Info: images/5_mw_log_hist_shard_False.png used on input lin
e 1055.
(pdftex.def)             Requested size: 242.82376pt x 182.11783pt.

Overfull \hbox (16.33981pt too wide) in paragraph at lines 1055--1056
 [][] 
 []

<images/5_mw_hist_no-outlier_shard_False.png, id=605, 462.528pt x 346.896pt>
File: images/5_mw_hist_no-outlier_shard_False.png Graphic file (type png)

<use images/5_mw_hist_no-outlier_shard_False.png>
Package pdftex.def Info: images/5_mw_hist_no-outlier_shard_False.png used on in
put line 1060.
(pdftex.def)             Requested size: 242.82376pt x 182.11783pt.

Overfull \hbox (16.33981pt too wide) in paragraph at lines 1060--1061
 [][] 
 []

[28 <./images/5_mw_hist_shard_False.png> <./images/5_mt_hist_shard_False.png> <
./images/5_mw_log_hist_shard_False.png> <./images/5_mw_hist_no-outlier_shard_Fa
lse.png>] [29]
Overfull \hbox (45.50974pt too wide) in paragraph at lines 1148--1161
 [][] 
 []


Overfull \hbox (0.95882pt too wide) in paragraph at lines 1184--1199
 [][] 
 []


Overfull \hbox (12.58664pt too wide) in paragraph at lines 1226--1239
[][]
 []

[30]
Overfull \hbox (0.95882pt too wide) in paragraph at lines 1262--1277
 [][] 
 []

[31]
Overfull \hbox (45.50974pt too wide) in paragraph at lines 1322--1335
[][]
 []

[32]
Overfull \hbox (0.95882pt too wide) in paragraph at lines 1358--1373
 [][] 
 []


Overfull \hbox (3.46167pt too wide) in paragraph at lines 1399--1412
 [][] 
 []

[33]
Overfull \hbox (0.95882pt too wide) in paragraph at lines 1434--1449
 [][] 
 []

[34]
Overfull \hbox (50.98474pt too wide) in paragraph at lines 1484--1497
 [][] 
 []


Overfull \hbox (0.95882pt too wide) in paragraph at lines 1519--1534
 [][] 
 []

[35]
Overfull \hbox (3.46167pt too wide) in paragraph at lines 1560--1573
 [][] 
 []


Overfull \hbox (0.95882pt too wide) in paragraph at lines 1597--1612
 [][] 
 []

[36] [37] [38] [39] [40] [41] [42]
<images/7_network_of_queues.png, id=710, 963.6pt x 722.7pt>
File: images/7_network_of_queues.png Graphic file (type png)

<use images/7_network_of_queues.png>
Package pdftex.def Info: images/7_network_of_queues.png used on input line 1949
.
(pdftex.def)             Requested size: 481.79883pt x 361.3491pt.

Overfull \hbox (28.83093pt too wide) in paragraph at lines 1949--1950
[][] 
 []

[43] [44 <./images/7_network_of_queues.png>] [45]
Underfull \hbox (badness 10000) in paragraph at lines 1987--1988

 []

LaTeX Font Info:    Font shape `OT1/cmtt/bx/n' in size <12> not available
(Font)              Font shape `OT1/cmtt/m/n' tried instead on input line 1993.

[46]
Package atveryend Info: Empty hook `BeforeClearDocument' on input line 2021.
 [47]
Package atveryend Info: Empty hook `AfterLastShipout' on input line 2021.
 (./report.aux)
Package atveryend Info: Executing hook `AtVeryEndDocument' on input line 2021.
Package atveryend Info: Executing hook `AtEndAfterFileList' on input line 2021.

Package rerunfilecheck Info: File `report.out' has not changed.
(rerunfilecheck)             Checksum: E38EB42D13EB1F27BDDD7A621000953F;6366.


LaTeX Warning: There were multiply-defined labels.

Package atveryend Info: Empty hook `AtVeryVeryEnd' on input line 2021.
 ) 
Here is how much of TeX's memory you used:
 7266 strings out of 493029
 113271 string characters out of 6136234
 226358 words of memory out of 5000000
 10516 multiletter control sequences out of 15000+600000
 9662 words of font info for 35 fonts, out of 8000000 for 9000
 1141 hyphenation exceptions out of 8191
 36i,12n,43p,1684b,428s stack positions out of 5000i,500n,10000p,200000b,80000s
</usr/share/texlive/texmf-dist/fonts/type1/public/amsfonts/cm/cmbx10.pfb></us
r/share/texlive/texmf-dist/fonts/type1/public/amsfonts/cm/cmbx12.pfb></usr/shar
e/texlive/texmf-dist/fonts/type1/public/amsfonts/cm/cmmi10.pfb></usr/share/texl
ive/texmf-dist/fonts/type1/public/amsfonts/cm/cmmi8.pfb></usr/share/texlive/tex
mf-dist/fonts/type1/public/amsfonts/cm/cmr10.pfb></usr/share/texlive/texmf-dist
/fonts/type1/public/amsfonts/cm/cmr12.pfb></usr/share/texlive/texmf-dist/fonts/
type1/public/amsfonts/cm/cmr17.pfb></usr/share/texlive/texmf-dist/fonts/type1/p
ublic/amsfonts/cm/cmr6.pfb></usr/share/texlive/texmf-dist/fonts/type1/public/am
sfonts/cm/cmr8.pfb></usr/share/texlive/texmf-dist/fonts/type1/public/amsfonts/c
m/cmsy10.pfb></usr/share/texlive/texmf-dist/fonts/type1/public/amsfonts/cm/cmsy
8.pfb></usr/share/texlive/texmf-dist/fonts/type1/public/amsfonts/cm/cmti10.pfb>
</usr/share/texlive/texmf-dist/fonts/type1/public/amsfonts/cm/cmtt10.pfb></usr/
share/texlive/texmf-dist/fonts/type1/public/amsfonts/cm/cmtt12.pfb></usr/share/
texlive/texmf-dist/fonts/type1/public/amsfonts/cm/cmtt8.pfb>
Output written on report.pdf (47 pages, 2200854 bytes).
PDF statistics:
 831 PDF objects out of 1000 (max. 8388607)
 682 compressed objects within 7 object streams
 203 named destinations out of 1000 (max. 500000)
 940 words of extra memory for PDF output out of 10000 (max. 10000000)

